<?xml version="1.0" encoding="utf-8"?><test-run><test-suite type="Assembly" id="1011" name="AltTester.AltTesterUnitySDK.Editor.dll" fullname="C:/Users/taipham93hk/Documents/GitHub/QA-Automation-Test-Project/Library/ScriptAssemblies/AltTester.AltTesterUnitySDK.Editor.dll" runstate="Runnable" testcasecount="4" result="Passed" start-time="2025-02-12 14:22:49Z" end-time="2025-02-12 14:23:01Z" duration="12.187022" total="1" passed="1" failed="0" inconclusive="0" skipped="0" asserts="5"><properties><property name="_PID" value="40796" /><property name="_APPDOMAIN" value="Unity Child Domain" /></properties><test-suite type="TestFixture" id="1006" name="AltTestLogin" fullname="AltTestLogin" classname="AltTestLogin" runstate="Runnable" testcasecount="4" result="Passed" start-time="2025-02-12 14:22:49Z" end-time="2025-02-12 14:23:01Z" duration="12.186911" total="1" passed="1" failed="0" inconclusive="0" skipped="0" asserts="5"><test-case id="1010" name="LoginFailedWrongEmailWrongPassWord" fullname="AltTestLogin.LoginFailedWrongEmailWrongPassWord" methodname="LoginFailedWrongEmailWrongPassWord" classname="AltTestLogin" runstate="Runnable" seed="956950817" result="Passed" start-time="2025-02-12 14:22:49Z" end-time="2025-02-12 14:22:56Z" duration="6.904695" asserts="5" /></test-suite></test-suite></test-run>