<?xml version="1.0" encoding="utf-8"?><test-run><test-suite type="Assembly" id="1011" name="AltTester.AltTesterUnitySDK.Editor.dll" fullname="C:/Users/taipham93hk/Documents/GitHub/QA-Automation-Result/Library/ScriptAssemblies/AltTester.AltTesterUnitySDK.Editor.dll" runstate="Runnable" testcasecount="4" result="Passed" start-time="2025-02-13 00:54:15Z" end-time="2025-02-13 00:54:26Z" duration="11.543004" total="1" passed="1" failed="0" inconclusive="0" skipped="0" asserts="4"><properties><property name="_PID" value="40368" /><property name="_APPDOMAIN" value="Unity Child Domain" /></properties><test-suite type="TestFixture" id="1006" name="AltTestLogin" fullname="AltTestLogin" classname="AltTestLogin" runstate="Runnable" testcasecount="4" result="Passed" start-time="2025-02-13 00:54:15Z" end-time="2025-02-13 00:54:26Z" duration="11.542891" total="1" passed="1" failed="0" inconclusive="0" skipped="0" asserts="4"><test-case id="1007" name="LoginSuccess" fullname="AltTestLogin.LoginSuccess" methodname="LoginSuccess" classname="AltTestLogin" runstate="Runnable" seed="372822736" result="Passed" start-time="2025-02-13 00:54:15Z" end-time="2025-02-13 00:54:21Z" duration="6.253557" asserts="4" /></test-suite></test-suite></test-run>